10:44:56.915 karate.env system property was:  
10:44:56.917 karate.env =  automation 
10:44:58.438 request:
1 > POST http://192.168.193.169:60/api/auth/token
1 > Accept-Encoding: gzip,deflate
1 > Connection: Keep-Alive
1 > Content-Length: 43
1 > Content-Type: application/json; charset=UTF-8
1 > Host: 192.168.193.169:60
1 > User-Agent: Apache-HttpClient/4.5.3 (Java/1.8.0_231)
{"username":"admin","password":"Alert1234"}

10:45:01.991 response time in milliseconds: 3539.39
1 < 200
1 < Access-Control-Allow-Methods: OPTIONS,GET,HEAD,POST,MERGE,PATCH,DELETE,PUT
1 < Authorization: Bearer eyJ0eXAiOiJKV1QiLCJhbGciOiJIUzI1NiJ9.eyJ1c2VyX2lkIjoxLCJ1c2VyX25hbWUiOiJhZG1pbiIsImlzcyI6IlRoZVBsYXlBcHAiLCJleHAiOjE2MDAwNjc2OTUsInRlbmFudCI6ImFsZXJ0In0.eSahQbxaFOvV4AI_5kT1-PS58tupj-79xiECToU_H5s
1 < Connection: keep-alive
1 < Content-Length: 446
1 < Content-Type: application/json
1 < Date: Mon, 14 Sep 2020 05:14:57 GMT
1 < Referrer-Policy: origin-when-cross-origin, strict-origin-when-cross-origin
1 < Server: nginx/1.17.8
1 < Set-Cookie: PLAY_SESSION=eyJhbGciOiJIUzI1NiJ9.eyJkYXRhIjp7ImNzcmZUb2tlbiI6ImY5ZmIyNjRhOTI3OTExZjM4MzdiNDI1OTFhZjNiOTJhMDE4N2FhMDEtMTYwMDA2MDQ5NDY4NC0yZTQ4MDZlZWNkNDQ3M2Q5ZDc4MjhlYmYifSwibmJmIjoxNjAwMDYwNDk3LCJpYXQiOjE2MDAwNjA0OTd9.Pdeb7U90iLE56lEVoOPPZUh2n3FnMzwUdmm3Jf80808; Path=/; HTTPOnly
1 < X-Content-Type-Options: nosniff
1 < X-Frame-Options: DENY
1 < X-Permitted-Cross-Domain-Policies: master-only
1 < X-XSS-Protection: 1; mode=block
{"success":true,"data":{"access_token":"eyJ0eXAiOiJKV1QiLCJhbGciOiJIUzI1NiJ9.eyJ1c2VyX2lkIjoxLCJ1c2VyX25hbWUiOiJhZG1pbiIsImlzcyI6IlRoZVBsYXlBcHAiLCJleHAiOjE2MDAwNjc2OTUsInRlbmFudCI6ImFsZXJ0In0.eSahQbxaFOvV4AI_5kT1-PS58tupj-79xiECToU_H5s","logo_config":"{\"binary_resource_id\" : \"\", \"style\": \"\",\"default_logo\": \"../resources/moderndesktop/LogoAE.png\"}"},"numberOfElements":0,"totalPages":0,"totalElements":0,"pageNumber":0,"pageSize":0}

10:45:02.352 [print] Bearer eyJ0eXAiOiJKV1QiLCJhbGciOiJIUzI1NiJ9.eyJ1c2VyX2lkIjoxLCJ1c2VyX25hbWUiOiJhZG1pbiIsImlzcyI6IlRoZVBsYXlBcHAiLCJleHAiOjE2MDAwNjc2OTUsInRlbmFudCI6ImFsZXJ0In0.eSahQbxaFOvV4AI_5kT1-PS58tupj-79xiECToU_H5s
10:45:02.364 request:
1 > POST http://192.168.193.169:60/api/identity/external/save
1 > Accept-Encoding: gzip,deflate
1 > Authorization: Bearer eyJ0eXAiOiJKV1QiLCJhbGciOiJIUzI1NiJ9.eyJ1c2VyX2lkIjoxLCJ1c2VyX25hbWUiOiJhZG1pbiIsImlzcyI6IlRoZVBsYXlBcHAiLCJleHAiOjE2MDAwNjc2OTUsInRlbmFudCI6ImFsZXJ0In0.eSahQbxaFOvV4AI_5kT1-PS58tupj-79xiECToU_H5s
1 > Connection: Keep-Alive
1 > Content-Length: 213
1 > Content-Type: application/json; charset=UTF-8
1 > Host: 192.168.193.169:60
1 > User-Agent: Apache-HttpClient/4.5.3 (Java/1.8.0_231)
{"identity":{"firstName":"Testing","lastName":"User1","workerType":"Permanent","employmentStatus":"ACTIVE","masterIdentityId":"Testing.U"},"requestorId":"Test","requestUuid":"e97cbf96-4ac9-4f53-8b2d-6a3e755c5055"}

10:45:03.174 response time in milliseconds: 808.95
1 < 200
1 < Access-Control-Allow-Methods: OPTIONS,GET,HEAD,POST,MERGE,PATCH,DELETE,PUT
1 < Connection: keep-alive
1 < Content-Length: 323
1 < Content-Type: application/json
1 < Date: Mon, 14 Sep 2020 05:14:59 GMT
1 < Referrer-Policy: origin-when-cross-origin, strict-origin-when-cross-origin
1 < Server: nginx/1.17.8
1 < X-Content-Type-Options: nosniff
1 < X-Frame-Options: DENY
1 < X-Permitted-Cross-Domain-Policies: master-only
1 < X-XSS-Protection: 1; mode=block
{"success":true,"data":{"requestUuid":"e97cbf96-4ac9-4f53-8b2d-6a3e755c5055","masterIdentityId":"Testing.U","apiMessage":{"messageText":"Identity saved successfully","messageType":"INFO","messageCode":"INFO1162","priority":0},"isNew":false},"numberOfElements":0,"totalPages":0,"totalElements":0,"pageNumber":0,"pageSize":0}

10:45:03.175 [print] {
  "pageNumber": 0,
  "data": {
    "masterIdentityId": "Testing.U",
    "requestUuid": "e97cbf96-4ac9-4f53-8b2d-6a3e755c5055",
    "isNew": false,
    "apiMessage": {
      "messageText": "Identity saved successfully",
      "messageType": "INFO",
      "messageCode": "INFO1162",
      "priority": 0
    }
  },
  "numberOfElements": 0,
  "success": true,
  "totalPages": 0,
  "pageSize": 0,
  "totalElements": 0
}

10:45:03.215 karate.env system property was:  
10:45:03.215 karate.env =  automation 
10:45:03.226 request:
1 > POST http://192.168.193.169:60/api/auth/token
1 > Accept-Encoding: gzip,deflate
1 > Connection: Keep-Alive
1 > Content-Length: 43
1 > Content-Type: application/json; charset=UTF-8
1 > Host: 192.168.193.169:60
1 > User-Agent: Apache-HttpClient/4.5.3 (Java/1.8.0_231)
{"username":"admin","password":"Alert1234"}

10:45:08.180 response time in milliseconds: 4953.89
1 < 200
1 < Access-Control-Allow-Methods: OPTIONS,GET,HEAD,POST,MERGE,PATCH,DELETE,PUT
1 < Authorization: Bearer eyJ0eXAiOiJKV1QiLCJhbGciOiJIUzI1NiJ9.eyJ1c2VyX2lkIjoxLCJ1c2VyX25hbWUiOiJhZG1pbiIsImlzcyI6IlRoZVBsYXlBcHAiLCJleHAiOjE2MDAwNjc2OTksInRlbmFudCI6ImFsZXJ0In0.VtV54HYnF397mYlY4AlQe7RHUTRHTMxfOlquRqnHNBs
1 < Connection: keep-alive
1 < Content-Length: 446
1 < Content-Type: application/json
1 < Date: Mon, 14 Sep 2020 05:15:02 GMT
1 < Referrer-Policy: origin-when-cross-origin, strict-origin-when-cross-origin
1 < Server: nginx/1.17.8
1 < Set-Cookie: PLAY_SESSION=eyJhbGciOiJIUzI1NiJ9.eyJkYXRhIjp7ImNzcmZUb2tlbiI6IjQ2NmUzNDQ4NDA4NzhmZjg1NjFhOWEwZTEzMjY4YjlmYjI3ZTAzOTEtMTYwMDA2MDQ5OTM2NS1iMWVkZjFmMDg1ZGFjYzY2NTc3M2EzMjEifSwibmJmIjoxNjAwMDYwNTAyLCJpYXQiOjE2MDAwNjA1MDJ9.pbyIohX0yvua93D42ct4-3w_HJnasqZb-9Asf9vwLFU; Path=/; HTTPOnly
1 < X-Content-Type-Options: nosniff
1 < X-Frame-Options: DENY
1 < X-Permitted-Cross-Domain-Policies: master-only
1 < X-XSS-Protection: 1; mode=block
{"success":true,"data":{"access_token":"eyJ0eXAiOiJKV1QiLCJhbGciOiJIUzI1NiJ9.eyJ1c2VyX2lkIjoxLCJ1c2VyX25hbWUiOiJhZG1pbiIsImlzcyI6IlRoZVBsYXlBcHAiLCJleHAiOjE2MDAwNjc2OTksInRlbmFudCI6ImFsZXJ0In0.VtV54HYnF397mYlY4AlQe7RHUTRHTMxfOlquRqnHNBs","logo_config":"{\"binary_resource_id\" : \"\", \"style\": \"\",\"default_logo\": \"../resources/moderndesktop/LogoAE.png\"}"},"numberOfElements":0,"totalPages":0,"totalElements":0,"pageNumber":0,"pageSize":0}

10:45:08.202 request:
1 > POST http://192.168.193.169:60/api/provisioninglog/find
1 > Accept-Encoding: gzip,deflate
1 > Authorization: Bearer eyJ0eXAiOiJKV1QiLCJhbGciOiJIUzI1NiJ9.eyJ1c2VyX2lkIjoxLCJ1c2VyX25hbWUiOiJhZG1pbiIsImlzcyI6IlRoZVBsYXlBcHAiLCJleHAiOjE2MDAwNjc2OTksInRlbmFudCI6ImFsZXJ0In0.VtV54HYnF397mYlY4AlQe7RHUTRHTMxfOlquRqnHNBs
1 > Connection: Keep-Alive
1 > Content-Length: 117
1 > Content-Type: application/json; charset=UTF-8
1 > Host: 192.168.193.169:60
1 > User-Agent: Apache-HttpClient/4.5.3 (Java/1.8.0_231)
{"filterCriteria":[{"fieldName":"requestUuid","operator":"in","valueList":["e97cbf96-4ac9-4f53-8b2d-6a3e755c5055"]}]}

10:45:08.615 response time in milliseconds: 411.72
1 < 200
1 < Access-Control-Allow-Methods: OPTIONS,GET,HEAD,POST,MERGE,PATCH,DELETE,PUT
1 < Connection: keep-alive
1 < Content-Length: 99
1 < Content-Type: application/json
1 < Date: Mon, 14 Sep 2020 05:15:04 GMT
1 < Referrer-Policy: origin-when-cross-origin, strict-origin-when-cross-origin
1 < Server: nginx/1.17.8
1 < X-Content-Type-Options: nosniff
1 < X-Frame-Options: DENY
1 < X-Permitted-Cross-Domain-Policies: master-only
1 < X-XSS-Protection: 1; mode=block
{"success":true,"numberOfElements":0,"totalPages":0,"totalElements":0,"pageNumber":0,"pageSize":50}

10:45:08.615 [print] {
  "pageNumber": 0,
  "numberOfElements": 0,
  "success": true,
  "totalPages": 0,
  "pageSize": 50,
  "totalElements": 0
}

tted-Cross-Domain-Policies: master-only
1 < X-XSS-Protection: 1; mode=block
{"success":true,"data":{"requestUuid":"e97cbf96-4ac9-4f53-8b2d-6a3e755c5055","masterIdentityId":"Testing.U","apiMessage":{"messageText":"Identity saved successfully","messageType":"INFO","messageCode":"INFO1162","priority":0},"isNew":false},"numberOfElements":0,"totalPages":0,"totalElements":0,"pageNumber":0,"pageSize":0}

18:54:53.477 [print]
18:54:53.477 [print] Bearer eyJ0eXAiOiJKV1QiLCJhbGciOiJIUzI1NiJ9.eyJ1c2VyX2lkIjoxLCJ1c2VyX25hbWUiOiJhZG1pbiIsImlzcyI6IlRoZVBsYXlBcHAiLCJleHAiOjE1OTk4Mzc4OTEsInRlbmFudCI6ImFsZXJ0In0.SPBeICcQZRqtAwCYCoYa5Io9rHPy-lcKJgsXqx08-jw
18:54:53.477 request:
2 > POST http://192.168.193.169:60/api/identity/external/deactivate
2 > Accept-Encoding: gzip,deflate
2 > Authorization: Bearer eyJ0eXAiOiJKV1QiLCJhbGciOiJIUzI1NiJ9.eyJ1c2VyX2lkIjoxLCJ1c2VyX25hbWUiOiJhZG1pbiIsImlzcyI6IlRoZVBsYXlBcHAiLCJleHAiOjE1OTk4Mzc4OTEsInRlbmFudCI6ImFsZXJ0In0.SPBeICcQZRqtAwCYCoYa5Io9rHPy-lcKJgsXqx08-jw
2 > Connection: Keep-Alive
2 > Content-Length: 58
2 > Content-Type: application/json; charset=UTF-8
2 > Host: 192.168.193.169:60
2 > User-Agent: Apache-HttpClient/4.5.3 (Java/1.8.0_231)
{"masterIdentityId":"Testing.U","requestorId":"Testing.U"}

18:54:53.949 response time in milliseconds: 460.94
2 < 500
2 < Connection: keep-alive
2 < Content-Length: 1851
2 < Content-Type: application/json
2 < Date: Fri, 11 Sep 2020 13:24:53 GMT
2 < Server: nginx/1.17.8
{"success":false,"messages":[{"messageText":"java.util.concurrent.CompletionException: java.lang.NullPointerException\r\n\tat java.base/java.util.concurrent.CompletableFuture.encodeThrowable(CompletableFuture.java:314)\r\n\tat java.base/java.util.concurrent.CompletableFuture.completeThrowable(CompletableFuture.java:319)\r\n\tat java.base/java.util.concurrent.CompletableFuture$UniCompose.tryFire(CompletableFuture.java:1155)\r\n\tat java.base/java.util.concurrent.CompletableFuture$Completion.run(CompletableFuture.java:478)\r\n\tat play.core.j.HttpExecutionContext.$anonfun$execute$1(HttpExecutionContext.scala:64)\r\n\tat akka.dispatch.TaskInvocation.run(AbstractDispatcher.scala:47)\r\n\tat akka.dispatch.ForkJoinExecutorConfigurator$AkkaForkJoinTask.exec(ForkJoinExecutorConfigurator.scala:47)\r\n\tat java.base/java.util.concurrent.ForkJoinTask.doExec(ForkJoinTask.java:290)\r\n\tat java.base/java.util.concurrent.ForkJoinPool$WorkQueue.topLevelExec(ForkJoinPool.java:1016)\r\n\tat java.base/java.util.concurrent.ForkJoinPool.scan(ForkJoinPool.java:1665)\r\n\tat java.base/java.util.concurrent.ForkJoinPool.runWorker(ForkJoinPool.java:1598)\r\n\tat java.base/java.util.concurrent.ForkJoinWorkerThread.run(ForkJoinWorkerThread.java:183)\r\nCaused by: java.lang.NullPointerException\r\n\tat com.alnt.identitymgmt.service.IdentityServiceImpl.deactivateIdentity(IdentityServiceImpl.java:1119)\r\n\tat com.alnt.identitymgmt.controller.IdentityController.lambda$deactivateIdentity$3(IdentityController.java:48)\r\n\tat java.base/java.util.concurrent.CompletableFuture$UniCompose.tryFire(CompletableFuture.java:1146)\r\n\t... 9 more\r\n","messageType":"ERROR","messageCode":"ERR99999","messageDisplayText":"Oops!!! This is unexpected!!! We are on it ..","priority":0}],"numberOfElements":0,"totalPages":0,"totalElements":0,"pageNumber":0,"pageSize":0}

18:54:53.949 status code was: 500, expected: 200, response time: 461, url: http://192.168.193.169:60/api/identity/external/deactivate, response: {"pageNumber":0,"numberOfElements":0,"success":false,"totalPages":0,"messages":[{"messageDisplayText":"Oops!!! This is unexpected!!! We are on it ..","messageText":"java.util.concurrent.CompletionException: java.lang.NullPointerException\r\n\tat java.base/java.util.concurrent.CompletableFuture.encodeThrowable(CompletableFuture.java:314)\r\n\tat java.base/java.util.concurrent.CompletableFuture.completeThrowable(CompletableFuture.java:319)\r\n\tat java.base/java.util.concurrent.CompletableFuture$UniCompose.tryFire(CompletableFuture.java:1155)\r\n\tat java.base/java.util.concurrent.CompletableFuture$Completion.run(CompletableFuture.java:478)\r\n\tat play.core.j.HttpExecutionContext.$anonfun$execute$1(HttpExecutionContext.scala:64)\r\n\tat akka.dispatch.TaskInvocation.run(AbstractDispatcher.scala:47)\r\n\tat akka.dispatch.ForkJoinExecutorConfigurator$AkkaForkJoinTask.exec(ForkJoinExecutorConfigurator.scala:47)\r\n\tat java.base/java.util.concurrent.ForkJoinTask.doExec(ForkJoinTask.java:290)\r\n\tat java.base/java.util.concurrent.ForkJoinPool$WorkQueue.topLevelExec(ForkJoinPool.java:1016)\r\n\tat java.base/java.util.concurrent.ForkJoinPool.scan(ForkJoinPool.java:1665)\r\n\tat java.base/java.util.concurrent.ForkJoinPool.runWorker(ForkJoinPool.java:1598)\r\n\tat java.base/java.util.concurrent.ForkJoinWorkerThread.run(ForkJoinWorkerThread.java:183)\r\nCaused by: java.lang.NullPointerException\r\n\tat com.alnt.identitymgmt.service.IdentityServiceImpl.deactivateIdentity(IdentityServiceImpl.java:1119)\r\n\tat com.alnt.identitymgmt.controller.IdentityController.lambda$deactivateIdentity$3(IdentityController.java:48)\r\n\tat java.base/java.util.concurrent.CompletableFuture$UniCompose.tryFire(CompletableFuture.java:1146)\r\n\t... 9 more\r\n","messageType":"ERROR","messageCode":"ERR99999","priority":0}],"pageSize":0,"totalElements":0}
